<?xml version="1.0" encoding="utf-8" standalone="no"?>
<test-run id="0" runstate="Runnable" testcasecount="6" result="Passed" total="6" passed="6" failed="0" warnings="0" inconclusive="0" skipped="0" asserts="2" engine-version="3.16.1.0" clr-version="4.0.30319.42000" start-time="2023-06-20 13:01:29Z" end-time="2023-06-20 13:02:21Z" duration="52.354950">
  <command-line><![CDATA["C:\Program Files (x86)\NUnit.org\nunit-console\nunit3-console.exe"  C:\Workspace\Dokimion\bin\Debug\net6.0\Dokimion.dll -tp:Username=Tester -tp:Password=Tester1!!! -tp:InvalidUser=Test -tp:"InvalidPassword=Not a valid password" -tp:"DisplayUserName=Tester Tester" -tp:ActorName=TestActor -tp:"Url=http://quack4.psonet"]]></command-line>
  <test-suite type="Assembly" id="1-1008" name="Dokimion.dll" fullname="C:/Workspace/Dokimion/bin/Debug/net6.0/Dokimion.dll" runstate="Runnable" testcasecount="6" result="Passed" start-time="2023-06-20T13:01:29.4586546Z" end-time="2023-06-20T13:02:21.4474733Z" duration="51.988794" total="6" passed="6" failed="0" warnings="0" inconclusive="0" skipped="0" asserts="2">
    <environment framework-version="3.13.3.0" clr-version="6.0.16" os-version="Microsoft Windows 10.0.22621" platform="Win32NT" cwd="C:\Workspace\Dokimion" machine-name="ROOPA_SIL" user="rupa_" user-domain="ROOPA_SIL" culture="en-US" uiculture="en-US" os-architecture="x64" />
    <settings>
      <setting name="DisposeRunners" value="True" />
      <setting name="WorkDirectory" value="C:\Workspace\Dokimion" />
      <setting name="TestParametersDictionary" value="[Username, Tester], [Password, Tester1!!!], [InvalidUser, Test], [InvalidPassword, Not a valid password], [DisplayUserName, Tester Tester], [ActorName, TestActor], [Url, http://quack4.psonet]">
        <item key="Username" value="Tester" />
        <item key="Password" value="Tester1!!!" />
        <item key="InvalidUser" value="Test" />
        <item key="InvalidPassword" value="Not a valid password" />
        <item key="DisplayUserName" value="Tester Tester" />
        <item key="ActorName" value="TestActor" />
        <item key="Url" value="http://quack4.psonet" />
      </setting>
      <setting name="TestParameters" value="Username=Tester;Password=Tester1!!!;InvalidUser=Test;InvalidPassword=Not a valid password;DisplayUserName=Tester Tester;ActorName=TestActor;Url=http://quack4.psonet" />
      <setting name="ImageRuntimeVersion" value="4.0.30319" />
      <setting name="ImageTargetFrameworkName" value=".NETCoreApp,Version=v6.0" />
      <setting name="ImageRequiresX86" value="False" />
      <setting name="ImageRequiresDefaultAppDomainAssemblyResolver" value="False" />
      <setting name="TargetRuntimeFramework" value="netcore-6.0" />
      <setting name="NumberOfTestWorkers" value="12" />
    </settings>
    <properties>
      <property name="_PID" value="3188" />
      <property name="_APPDOMAIN" value="nunit-agent" />
    </properties>
    <test-suite type="TestSuite" id="1-1009" name="Dokimion" fullname="Dokimion" runstate="Runnable" testcasecount="6" result="Passed" start-time="2023-06-20T13:01:29.4618839Z" end-time="2023-06-20T13:02:21.4474680Z" duration="51.985583" total="6" passed="6" failed="0" warnings="0" inconclusive="0" skipped="0" asserts="2">
      <test-suite type="TestSuite" id="1-1010" name="Tests" fullname="Dokimion.Tests" runstate="Runnable" testcasecount="6" result="Passed" start-time="2023-06-20T13:01:29.4620985Z" end-time="2023-06-20T13:02:21.4474615Z" duration="51.985363" total="6" passed="6" failed="0" warnings="0" inconclusive="0" skipped="0" asserts="2">
        <test-suite type="TestFixture" id="1-1000" name="HeaderUserAccessTests" fullname="Dokimion.Tests.HeaderUserAccessTests" classname="Dokimion.Tests.HeaderUserAccessTests" runstate="Runnable" testcasecount="4" result="Passed" start-time="2023-06-20T13:01:29.4631075Z" end-time="2023-06-20T13:02:14.1497830Z" duration="44.686676" total="4" passed="4" failed="0" warnings="0" inconclusive="0" skipped="0" asserts="2">
          <test-case id="1-1001" name="TC3UserOptions" fullname="Dokimion.Tests.HeaderUserAccessTests.TC3UserOptions" methodname="TC3UserOptions" classname="Dokimion.Tests.HeaderUserAccessTests" runstate="Runnable" seed="1602660977" result="Passed" start-time="2023-06-20T13:01:32.7290092Z" end-time="2023-06-20T13:01:56.2034232Z" duration="23.474498" asserts="1" />
          <test-case id="1-1002" name="TC4UserClickOnProfile" fullname="Dokimion.Tests.HeaderUserAccessTests.TC4UserClickOnProfile" methodname="TC4UserClickOnProfile" classname="Dokimion.Tests.HeaderUserAccessTests" runstate="Runnable" seed="695203575" result="Passed" start-time="2023-06-20T13:01:56.2049146Z" end-time="2023-06-20T13:02:08.1353667Z" duration="11.930453" asserts="0" />
          <test-case id="1-1003" name="TC5UserClickOnProjects" fullname="Dokimion.Tests.HeaderUserAccessTests.TC5UserClickOnProjects" methodname="TC5UserClickOnProjects" classname="Dokimion.Tests.HeaderUserAccessTests" runstate="Runnable" seed="2041577782" result="Passed" start-time="2023-06-20T13:02:08.1355208Z" end-time="2023-06-20T13:02:11.2355527Z" duration="3.100032" asserts="1" />
          <test-case id="1-1004" name="TC6UserClickOnLogout" fullname="Dokimion.Tests.HeaderUserAccessTests.TC6UserClickOnLogout" methodname="TC6UserClickOnLogout" classname="Dokimion.Tests.HeaderUserAccessTests" runstate="Runnable" seed="1029016892" result="Passed" start-time="2023-06-20T13:02:11.2356602Z" end-time="2023-06-20T13:02:14.0699202Z" duration="2.834260" asserts="0" />
        </test-suite>
        <test-suite type="TestFixture" id="1-1005" name="LoginPageTest" fullname="Dokimion.Tests.LoginPageTest" classname="Dokimion.Tests.LoginPageTest" runstate="Runnable" testcasecount="2" result="Passed" start-time="2023-06-20T13:02:14.1511352Z" end-time="2023-06-20T13:02:21.4474137Z" duration="7.296279" total="2" passed="2" failed="0" warnings="0" inconclusive="0" skipped="0" asserts="0">
          <test-case id="1-1006" name="TC1LoginValidPage" fullname="Dokimion.Tests.LoginPageTest.TC1LoginValidPage" methodname="TC1LoginValidPage" classname="Dokimion.Tests.LoginPageTest" runstate="Runnable" seed="1073924768" result="Passed" start-time="2023-06-20T13:02:17.3604655Z" end-time="2023-06-20T13:02:20.2496618Z" duration="2.889196" asserts="0" />
          <test-case id="1-1007" name="TC2LoginInvalidUser" fullname="Dokimion.Tests.LoginPageTest.TC2LoginInvalidUser" methodname="TC2LoginInvalidUser" classname="Dokimion.Tests.LoginPageTest" runstate="Runnable" seed="519484677" result="Passed" start-time="2023-06-20T13:02:20.2496970Z" end-time="2023-06-20T13:02:21.3541759Z" duration="1.104479" asserts="0" />
        </test-suite>
      </test-suite>
    </test-suite>
  </test-suite>
</test-run>